2022-11-11 00:23:44.628 [SpringContextShutdownHook] INFO  o.s.scheduling.concurrent.ThreadPoolTaskExecutor - Shutting down ExecutorService 'applicationTaskExecutor'
2022-11-11 00:23:44.694 [SpringContextShutdownHook] INFO  com.zaxxer.hikari.HikariDataSource - GuliHikariPool - Shutdown initiated...
2022-11-11 00:23:44.719 [SpringContextShutdownHook] INFO  com.zaxxer.hikari.HikariDataSource - GuliHikariPool - Shutdown completed.
2022-11-11 00:24:14.839 [restartedMain] INFO  com.atguigu.hospital.ManageApplication - Starting ManageApplication on hengs-MacBook-Air.local with PID 59671 (/Users/hengyan/Downloads/syt/syt/yygh_parent/hospital-manage/target/classes started by hengyan in /Users/hengyan/Downloads/syt/syt/yygh_parent)
2022-11-11 00:24:14.841 [restartedMain] INFO  com.atguigu.hospital.ManageApplication - The following profiles are active: dev
2022-11-11 00:24:14.884 [restartedMain] INFO  o.s.b.d.env.DevToolsPropertyDefaultsPostProcessor - Devtools property defaults active! Set 'spring.devtools.add-properties' to 'false' to disable
2022-11-11 00:24:14.884 [restartedMain] INFO  o.s.b.d.env.DevToolsPropertyDefaultsPostProcessor - For additional web related logging consider setting the 'logging.level.web' property to 'DEBUG'
2022-11-11 00:24:16.092 [restartedMain] INFO  o.s.c.s.PostProcessorRegistrationDelegate$BeanPostProcessorChecker - Bean 'org.springframework.transaction.annotation.ProxyTransactionManagementConfiguration' of type [org.springframework.transaction.annotation.ProxyTransactionManagementConfiguration] is not eligible for getting processed by all BeanPostProcessors (for example: not eligible for auto-proxying)
2022-11-11 00:24:16.447 [restartedMain] INFO  o.s.boot.web.embedded.tomcat.TomcatWebServer - Tomcat initialized with port(s): 9998 (http)
2022-11-11 00:24:16.454 [restartedMain] INFO  org.apache.coyote.http11.Http11NioProtocol - Initializing ProtocolHandler ["http-nio-9998"]
2022-11-11 00:24:16.455 [restartedMain] INFO  org.apache.catalina.core.StandardService - Starting service [Tomcat]
2022-11-11 00:24:16.455 [restartedMain] INFO  org.apache.catalina.core.StandardEngine - Starting Servlet engine: [Apache Tomcat/9.0.27]
2022-11-11 00:24:16.500 [restartedMain] INFO  o.a.c.core.ContainerBase.[Tomcat].[localhost].[/] - Initializing Spring embedded WebApplicationContext
2022-11-11 00:24:16.501 [restartedMain] INFO  org.springframework.web.context.ContextLoader - Root WebApplicationContext: initialization completed in 1617 ms
2022-11-11 00:24:16.616 [restartedMain] INFO  com.zaxxer.hikari.HikariDataSource - GuliHikariPool - Starting...
2022-11-11 00:24:16.778 [restartedMain] INFO  com.zaxxer.hikari.HikariDataSource - GuliHikariPool - Start completed.
2022-11-11 00:24:17.073 [restartedMain] INFO  s.d.s.w.PropertySourcedRequestMappingHandlerMapping - Mapped URL path [/v2/api-docs] onto method [springfox.documentation.swagger2.web.Swagger2Controller#getDocumentation(String, HttpServletRequest)]
2022-11-11 00:24:17.138 [restartedMain] INFO  o.s.scheduling.concurrent.ThreadPoolTaskExecutor - Initializing ExecutorService 'applicationTaskExecutor'
2022-11-11 00:24:17.292 [restartedMain] INFO  s.d.s.web.plugins.DocumentationPluginsBootstrapper - Context refreshed
2022-11-11 00:24:17.304 [restartedMain] INFO  s.d.s.web.plugins.DocumentationPluginsBootstrapper - Found 1 custom documentation plugin(s)
2022-11-11 00:24:17.324 [restartedMain] INFO  s.d.spring.web.scanners.ApiListingReferenceScanner - Scanning for api listing references
2022-11-11 00:24:17.334 [restartedMain] INFO  org.apache.coyote.http11.Http11NioProtocol - Starting ProtocolHandler ["http-nio-9998"]
2022-11-11 00:24:17.344 [restartedMain] INFO  o.s.boot.web.embedded.tomcat.TomcatWebServer - Tomcat started on port(s): 9998 (http) with context path ''
2022-11-11 00:24:17.345 [restartedMain] INFO  com.atguigu.hospital.ManageApplication - Started ManageApplication in 3.403 seconds (JVM running for 4.013)
2022-11-11 01:20:04.395 [http-nio-9998-exec-1] INFO  o.a.c.core.ContainerBase.[Tomcat].[localhost].[/] - Initializing Spring DispatcherServlet 'dispatcherServlet'
2022-11-11 01:20:04.430 [http-nio-9998-exec-1] INFO  org.springframework.web.servlet.DispatcherServlet - Initializing Servlet 'dispatcherServlet'
2022-11-11 01:20:04.554 [http-nio-9998-exec-1] INFO  org.springframework.web.servlet.DispatcherServlet - Completed initialization in 122 ms
2022-11-11 01:20:12.143 [http-nio-9998-exec-3] INFO  c.a.hospital.service.impl.HospitalServiceImpl - {"amount":"100","birthdate":"Fri Nov 18 08:00:00 PST 2022","districtCode":"110101","address":"哈尔滨狗熊岭","hosScheduleId":"636cc8961782400ec037000f","provinceCode":"110000","cityCode":"110100","sex":"1","contactsCertificatesType":"10","sign":"df6be80a88d314f2faaa1daa8a1693b6","hoscode":"1000_0","isMarry":"0","contactsName":"熊二","certificatesNo":"110119","contactsPhone":"110","contactsCertificatesNo":"110119","phone":"110119","reserveTime":"1","name":"熊大","depcode":"200040878","reserveDate":"2022-11-15","certificatesType":"10","timestamp":"1668158315402"}
2022-11-11 01:20:12.242 [http-nio-9998-exec-3] INFO  c.a.hospital.service.impl.HospitalServiceImpl - {"address":"哈尔滨狗熊岭","birthdate":"Fri Nov 18 08:00:00 PST 2022","certificatesNo":"110119","certificatesType":"10","cityCode":"110100","contactsCertificatesNo":"110119","contactsCertificatesType":"10","contactsName":"熊二","contactsPhone":"110","districtCode":"110101","isMarry":0,"name":"熊大","param":{},"phone":"110119","provinceCode":"110000","sex":1}
2022-11-11 01:21:12.681 [http-nio-9998-exec-6] INFO  c.a.hospital.service.impl.HospitalServiceImpl - {"amount":"100","birthdate":"Fri Nov 18 08:00:00 PST 2022","districtCode":"110101","address":"哈尔滨狗熊岭","hosScheduleId":"636cc8961782400ec037000f","provinceCode":"110000","cityCode":"110100","sex":"1","contactsCertificatesType":"10","sign":"bf1e51a18bbf9d9a37a5dbd7d14af560","hoscode":"1000_0","isMarry":"0","contactsName":"熊二","certificatesNo":"110119","contactsPhone":"110","contactsCertificatesNo":"110119","phone":"110119","reserveTime":"1","name":"熊大","depcode":"200040878","reserveDate":"2022-11-15","certificatesType":"10","timestamp":"1668158472671"}
2022-11-11 01:21:12.689 [http-nio-9998-exec-6] INFO  c.a.hospital.service.impl.HospitalServiceImpl - {"address":"哈尔滨狗熊岭","birthdate":"Fri Nov 18 08:00:00 PST 2022","certificatesNo":"110119","certificatesType":"10","cityCode":"110100","contactsCertificatesNo":"110119","contactsCertificatesType":"10","contactsName":"熊二","contactsPhone":"110","districtCode":"110101","isMarry":0,"name":"熊大","param":{},"phone":"110119","provinceCode":"110000","sex":1}
2022-11-11 01:30:23.184 [http-nio-9998-exec-8] INFO  com.atguigu.hospital.util.HttpRequestHelper - 加密前：null|1000_0|1668159023053|advadf
2022-11-11 01:30:23.213 [http-nio-9998-exec-8] INFO  com.atguigu.hospital.util.HttpRequestHelper - 加密后：3dca5ea06c7dbc19db6e2acb4896e53e
